# JRE version: Java(TM) SE Runtime Environment (8.0_441) (build 1.8.0_441-b07)
# Java VM: Java HotSpot(TM) 64-Bit Server VM (25.441-b07 mixed mode windows-amd64 compressed oops)
Heap:
 PSYoungGen      total 456192K, used 298351K [0x00000000d5580000, 0x00000000f9e80000, 0x0000000100000000)
  eden space 416768K, 71% used [0x00000000d5580000,0x00000000e78dbdd8,0x00000000eec80000)
  from space 39424K, 0% used [0x00000000eec80000,0x00000000eec80000,0x00000000f1300000)
  to   space 36864K, 0% used [0x00000000f7a80000,0x00000000f7a80000,0x00000000f9e80000)
 ParOldGen       total 128512K, used 78008K [0x0000000080000000, 0x0000000087d80000, 0x00000000d5580000)
  object space 128512K, 60% used [0x0000000080000000,0x0000000084c2e2f0,0x0000000087d80000)
 Metaspace       used 109248K, capacity 116036K, committed 116224K, reserved 1150976K
  class space    used 14407K, capacity 15558K, committed 15616K, reserved 1048576K
GC Heap History (10 events):
Event: 15.437 GC heap before
{Heap before GC invocations=15 (full 3):
 PSYoungGen      total 356864K, used 12267K [0x00000000d5580000, 0x00000000ecf80000, 0x0000000100000000)
  eden space 338432K, 0% used [0x00000000d5580000,0x00000000d5580000,0x00000000ea000000)
  from space 18432K, 66% used [0x00000000eb280000,0x00000000ebe7ad08,0x00000000ec480000)
  to   space 18944K, 0% used [0x00000000ea000000,0x00000000ea000000,0x00000000eb280000)
 ParOldGen       total 88576K, used 34744K [0x0000000080000000, 0x0000000085680000, 0x00000000d5580000)
  object space 88576K, 39% used [0x0000000080000000,0x00000000821ee240,0x0000000085680000)
 Metaspace       used 55736K, capacity 59038K, committed 59160K, reserved 1099776K
  class space    used 8180K, capacity 8805K, committed 8832K, reserved 1048576K
Event: 15.598 GC heap after
Heap after GC invocations=15 (full 3):
 PSYoungGen      total 356864K, used 0K [0x00000000d5580000, 0x00000000ecf80000, 0x0000000100000000)
  eden space 338432K, 0% used [0x00000000d5580000,0x00000000d5580000,0x00000000ea000000)
  from space 18432K, 0% used [0x00000000eb280000,0x00000000eb280000,0x00000000ec480000)
  to   space 18944K, 0% used [0x00000000ea000000,0x00000000ea000000,0x00000000eb280000)
 ParOldGen       total 128512K, used 36125K [0x0000000080000000, 0x0000000087d80000, 0x00000000d5580000)
  object space 128512K, 28% used [0x0000000080000000,0x00000000823474c8,0x0000000087d80000)
 Metaspace       used 55660K, capacity 58880K, committed 59160K, reserved 1099776K
  class space    used 8158K, capacity 8751K, committed 8832K, reserved 1048576K
}
Event: 18.410 GC heap before
{Heap before GC invocations=16 (full 3):
 PSYoungGen      total 356864K, used 338432K [0x00000000d5580000, 0x00000000ecf80000, 0x0000000100000000)
  eden space 338432K, 100% used [0x00000000d5580000,0x00000000ea000000,0x00000000ea000000)
  from space 18432K, 0% used [0x00000000eb280000,0x00000000eb280000,0x00000000ec480000)
  to   space 18944K, 0% used [0x00000000ea000000,0x00000000ea000000,0x00000000eb280000)
 ParOldGen       total 128512K, used 36125K [0x0000000080000000, 0x0000000087d80000, 0x00000000d5580000)
  object space 128512K, 28% used [0x0000000080000000,0x00000000823474c8,0x0000000087d80000)
 Metaspace       used 69018K, capacity 72780K, committed 72960K, reserved 1112064K
  class space    used 9885K, capacity 10604K, committed 10752K, reserved 1048576K
Event: 18.449 GC heap after
Heap after GC invocations=16 (full 3):
 PSYoungGen      total 357376K, used 18943K [0x00000000d5580000, 0x00000000f2d80000, 0x0000000100000000)
  eden space 338432K, 0% used [0x00000000d5580000,0x00000000d5580000,0x00000000ea000000)
  from space 18944K, 99% used [0x00000000ea000000,0x00000000eb27fd08,0x00000000eb280000)
  to   space 27136K, 0% used [0x00000000f1300000,0x00000000f1300000,0x00000000f2d80000)
 ParOldGen       total 128512K, used 51564K [0x0000000080000000, 0x0000000087d80000, 0x00000000d5580000)
  object space 128512K, 40% used [0x0000000080000000,0x000000008325b290,0x0000000087d80000)
 Metaspace       used 69018K, capacity 72780K, committed 72960K, reserved 1112064K
  class space    used 9885K, capacity 10604K, committed 10752K, reserved 1048576K
}
Event: 24.366 GC heap before
{Heap before GC invocations=17 (full 3):
 PSYoungGen      total 357376K, used 357375K [0x00000000d5580000, 0x00000000f2d80000, 0x0000000100000000)
  eden space 338432K, 100% used [0x00000000d5580000,0x00000000ea000000,0x00000000ea000000)
  from space 18944K, 99% used [0x00000000ea000000,0x00000000eb27fd08,0x00000000eb280000)
  to   space 27136K, 0% used [0x00000000f1300000,0x00000000f1300000,0x00000000f2d80000)
 ParOldGen       total 128512K, used 51564K [0x0000000080000000, 0x0000000087d80000, 0x00000000d5580000)
  object space 128512K, 40% used [0x0000000080000000,0x000000008325b290,0x0000000087d80000)
 Metaspace       used 86179K, capacity 91278K, committed 91392K, reserved 1128448K
  class space    used 11807K, capacity 12745K, committed 12800K, reserved 1048576K
Event: 24.428 GC heap after
Heap after GC invocations=17 (full 3):
 PSYoungGen      total 443904K, used 27123K [0x00000000d5580000, 0x00000000f4400000, 0x0000000100000000)
  eden space 416768K, 0% used [0x00000000d5580000,0x00000000d5580000,0x00000000eec80000)
  from space 27136K, 99% used [0x00000000f1300000,0x00000000f2d7cf38,0x00000000f2d80000)
  to   space 39424K, 0% used [0x00000000eec80000,0x00000000eec80000,0x00000000f1300000)
 ParOldGen       total 128512K, used 72607K [0x0000000080000000, 0x0000000087d80000, 0x00000000d5580000)
  object space 128512K, 56% used [0x0000000080000000,0x00000000846e7cf8,0x0000000087d80000)
 Metaspace       used 86179K, capacity 91278K, committed 91392K, reserved 1128448K
  class space    used 11807K, capacity 12745K, committed 12800K, reserved 1048576K
}
Event: 26.472 GC heap before
{Heap before GC invocations=18 (full 3):
 PSYoungGen      total 443904K, used 179825K [0x00000000d5580000, 0x00000000f4400000, 0x0000000100000000)
  eden space 416768K, 36% used [0x00000000d5580000,0x00000000dea9f598,0x00000000eec80000)
  from space 27136K, 99% used [0x00000000f1300000,0x00000000f2d7cf38,0x00000000f2d80000)
  to   space 39424K, 0% used [0x00000000eec80000,0x00000000eec80000,0x00000000f1300000)
 ParOldGen       total 128512K, used 72607K [0x0000000080000000, 0x0000000087d80000, 0x00000000d5580000)
  object space 128512K, 56% used [0x0000000080000000,0x00000000846e7cf8,0x0000000087d80000)
 Metaspace       used 92957K, capacity 98444K, committed 98560K, reserved 1134592K
  class space    used 12517K, capacity 13526K, committed 13568K, reserved 1048576K
Event: 26.494 GC heap after
Heap after GC invocations=18 (full 3):
 PSYoungGen      total 456192K, used 14560K [0x00000000d5580000, 0x00000000f9e80000, 0x0000000100000000)
  eden space 416768K, 0% used [0x00000000d5580000,0x00000000d5580000,0x00000000eec80000)
  from space 39424K, 36% used [0x00000000eec80000,0x00000000efab80f8,0x00000000f1300000)
  to   space 36864K, 0% used [0x00000000f7a80000,0x00000000f7a80000,0x00000000f9e80000)
 ParOldGen       total 128512K, used 83794K [0x0000000080000000, 0x0000000087d80000, 0x00000000d5580000)
  object space 128512K, 65% used [0x0000000080000000,0x00000000851d48a0,0x0000000087d80000)
 Metaspace       used 92957K, capacity 98444K, committed 98560K, reserved 1134592K
  class space    used 12517K, capacity 13526K, committed 13568K, reserved 1048576K
}
Event: 26.494 GC heap before
{Heap before GC invocations=19 (full 4):
 PSYoungGen      total 456192K, used 14560K [0x00000000d5580000, 0x00000000f9e80000, 0x0000000100000000)
  eden space 416768K, 0% used [0x00000000d5580000,0x00000000d5580000,0x00000000eec80000)
  from space 39424K, 36% used [0x00000000eec80000,0x00000000efab80f8,0x00000000f1300000)
  to   space 36864K, 0% used [0x00000000f7a80000,0x00000000f7a80000,0x00000000f9e80000)
 ParOldGen       total 128512K, used 83794K [0x0000000080000000, 0x0000000087d80000, 0x00000000d5580000)
  object space 128512K, 65% used [0x0000000080000000,0x00000000851d48a0,0x0000000087d80000)
 Metaspace       used 92957K, capacity 98444K, committed 98560K, reserved 1134592K
  class space    used 12517K, capacity 13526K, committed 13568K, reserved 1048576K
Event: 27.002 GC heap after
Heap after GC invocations=19 (full 4):
 PSYoungGen      total 456192K, used 0K [0x00000000d5580000, 0x00000000f9e80000, 0x0000000100000000)
  eden space 416768K, 0% used [0x00000000d5580000,0x00000000d5580000,0x00000000eec80000)
  from space 39424K, 0% used [0x00000000eec80000,0x00000000eec80000,0x00000000f1300000)
  to   space 36864K, 0% used [0x00000000f7a80000,0x00000000f7a80000,0x00000000f9e80000)
 ParOldGen       total 128512K, used 78008K [0x0000000080000000, 0x0000000087d80000, 0x00000000d5580000)
  object space 128512K, 60% used [0x0000000080000000,0x0000000084c2e2f0,0x0000000087d80000)
 Metaspace       used 92957K, capacity 98444K, committed 98560K, reserved 1134592K
  class space    used 12517K, capacity 13526K, committed 13568K, reserved 1048576K
}

